<?xml version="1.0" encoding="UTF-8"?><testsuite errors="0" failures="0" name="Testing different requests on the restful booker api" skipped="0" tests="5" time="5.62" timestamp="2023-01-11T14:07:54.409Z[Europe/London]"><testcase name="Check if the auth code can be created on restful booker api"/><testcase name="Check if a new booking can be created on the restful booker api"/><testcase name="Check if the restful booker api can be accessed by users by searching booking Id"/><testcase name="Check if the restful booker api can be updated by users by searching booking Id"/><testcase name="Check if the users can delete the booking by searching booking Id"/></testsuite>